<?xml version="1.0" encoding="UTF-8"?>
<testsuite name="engine.PropertyInjectorTest" tests="1" skipped="0" failures="0" errors="0" timestamp="2016-05-07T08:22:13" hostname="debian" time="0.001">
  <properties/>
  <testcase name="testInjector" classname="engine.PropertyInjectorTest" time="0.001"/>
  <system-out><![CDATA[]]></system-out>
  <system-err><![CDATA[[Test worker] INFO com.astro.core.storage.PropertyInjector - Injecting value: public int engine.PropertyInjectorTest$ForInjectTestClass.width=1600, in class: class engine.PropertyInjectorTest$ForInjectTestClass, by key: window.width
]]></system-err>
</testsuite>
